<?xml version="1.0" encoding="UTF-8"?>
<!-- Generated by org.testng.reporters.JUnitReportReporter -->
<testsuite hostname="LAPTOP-OE1URFOU" failures="0" tests="1" name="testClass.Post_TC_2" time="1.672" errors="0" timestamp="2023-05-23T11:06:43 IST" skipped="0">
  <testcase classname="testClass.Post_TC_2" name="execute" time="1.672"/>
  <system-out/>
</testsuite> <!-- testClass.Post_TC_2 -->
