<?xml version="1.0" encoding="UTF-8"?>
<!-- Generated by org.testng.reporters.JUnitReportReporter -->
<testsuite hostname="LAPTOP-OE1URFOU" failures="0" tests="1" name="testClass.Post_TC_3" time="1.344" errors="0" timestamp="2023-05-23T09:16:17 IST" skipped="0">
  <testcase classname="testClass.Post_TC_3" name="execute" time="1.344"/>
  <system-out/>
</testsuite> <!-- testClass.Post_TC_3 -->
